Missing local::lib; initializing CPAN.
Sorry, we have to rerun the configuration dialog for CPAN.pm due to
some missing parameters. Configuration will be written to
 <<_cpan/CPAN/MyConfig.pm>>

 <install_help>

Warning: You do not have write permission for Perl library directories.

To install modules, you need to configure a local Perl library directory or
escalate your privileges.  CPAN can help you by bootstrapping the local::lib
module or by configuring itself to use 'sudo' (if available).  You may also
resolve this problem manually if you need to customize your setup.

What approach do you want?  (Choose 'local::lib', 'sudo' or 'manual')
 [manual] manual

Your 'urllist' is already configured. Type 'o conf init urllist' to change it.

Autoconfiguration complete.

commit: wrote '_cpan/CPAN/MyConfig.pm'

You can re-run configuration any time with 'o conf init' in the CPAN shell
Fetching with LWP:
http://www.perl.org/CPAN/authors/01mailrc.txt.gz
Reading '/mnt/c/Users/kkhai/wsl/test/edirect/_cpan/sources/authors/01mailrc.txt.gz'
............................................................................DONE
Fetching with LWP:
http://www.perl.org/CPAN/modules/02packages.details.txt.gz
Reading '/mnt/c/Users/kkhai/wsl/test/edirect/_cpan/sources/modules/02packages.details.txt.gz'
  Database was generated on Sun, 22 Oct 2017 02:17:02 GMT
.............
  New CPAN.pm version (v2.16) available.
  [Currently running version is v2.11]
  You might want to try
    install CPAN
    reload cpan
  to both upgrade CPAN.pm and run the new version without leaving
  the current session.


...............................................................DONE
Fetching with LWP:
http://www.perl.org/CPAN/modules/03modlist.data.gz
Reading '/mnt/c/Users/kkhai/wsl/test/edirect/_cpan/sources/modules/03modlist.data.gz'
DONE
Writing /mnt/c/Users/kkhai/wsl/test/edirect/_cpan/Metadata
Running get for module 'local::lib'
Fetching with LWP:
http://www.perl.org/CPAN/authors/id/H/HA/HAARG/local-lib-2.000024.tar.gz
Fetching with LWP:
http://www.perl.org/CPAN/authors/id/H/HA/HAARG/CHECKSUMS
Checksum for /mnt/c/Users/kkhai/wsl/test/edirect/_cpan/sources/authors/id/H/HA/HAARG/local-lib-2.000024.tar.gz ok
'YAML' not installed, will not store persistent state
Found Encode::Locale.
Found File::Listing.
Found HTML::Parser.
Found HTML::Tagset.
Found HTML::Tree.
Missing HTTP:Cookies; initializing CPAN.
Running install for module 'HTTP::Cookies'
Fetching with LWP:
http://www.perl.org/CPAN/authors/id/O/OA/OALDERS/HTTP-Cookies-6.04.tar.gz
Fetching with LWP:
http://www.perl.org/CPAN/authors/id/O/OA/OALDERS/CHECKSUMS
Checksum for /mnt/c/Users/kkhai/wsl/test/edirect/_cpan/sources/authors/id/O/OA/OALDERS/HTTP-Cookies-6.04.tar.gz ok
Configuring O/OA/OALDERS/HTTP-Cookies-6.04.tar.gz with Makefile.PL
Checking if your kit is complete...
Looks good
Generating a Unix-style Makefile
Writing Makefile for HTTP::Cookies
Writing MYMETA.yml and MYMETA.json
  OALDERS/HTTP-Cookies-6.04.tar.gz
  /usr/bin/perl Makefile.PL INSTALLDIRS=site -- OK
Running make for O/OA/OALDERS/HTTP-Cookies-6.04.tar.gz
cp lib/HTTP/Cookies.pm blib/lib/HTTP/Cookies.pm
cp lib/HTTP/Cookies/Netscape.pm blib/lib/HTTP/Cookies/Netscape.pm
cp lib/HTTP/Cookies/Microsoft.pm blib/lib/HTTP/Cookies/Microsoft.pm
Can't write-open blib/man3/HTTP::Cookies.3pm: Invalid argument at /usr/share/perl/5.22/ExtUtils/Command/MM.pm line 147.
Manifying 3 pod documents
Makefile:430: recipe for target 'manifypods' failed
make: *** [manifypods] Error 22
  OALDERS/HTTP-Cookies-6.04.tar.gz
  /usr/bin/make -- NOT OK
Found HTTP::Date.
Found HTTP::Message.
Found HTTP::Negotiate.
Found IO::Socket::SSL.
Found LWP::MediaTypes.
Found LWP::Protocol::https.
Found Net::HTTP.
Found URI.
Found WWW::RobotRules.
Missing Mozilla::CA; CPAN already initialized.
Running install for module 'Mozilla::CA'
Fetching with LWP:
http://www.perl.org/CPAN/authors/id/A/AB/ABH/Mozilla-CA-20160104.tar.gz
Fetching with LWP:
http://www.perl.org/CPAN/authors/id/A/AB/ABH/CHECKSUMS
Checksum for /mnt/c/Users/kkhai/wsl/test/edirect/_cpan/sources/authors/id/A/AB/ABH/Mozilla-CA-20160104.tar.gz ok
Configuring A/AB/ABH/Mozilla-CA-20160104.tar.gz with Makefile.PL
Checking if your kit is complete...
Looks good
Generating a Unix-style Makefile
Writing Makefile for Mozilla::CA
Writing MYMETA.yml and MYMETA.json
  ABH/Mozilla-CA-20160104.tar.gz
  /usr/bin/perl Makefile.PL INSTALLDIRS=site -- OK
Running make for A/AB/ABH/Mozilla-CA-20160104.tar.gz
cp lib/Mozilla/CA/cacert.pem blib/lib/Mozilla/CA/cacert.pem
cp mk-ca-bundle.pl blib/lib/Mozilla/mk-ca-bundle.pl
cp lib/Mozilla/CA.pm blib/lib/Mozilla/CA.pm
Can't write-open blib/man3/Mozilla::CA.3pm: Invalid argument at /usr/share/perl/5.22/ExtUtils/Command/MM.pm line 147.
Manifying 1 pod document
Makefile:425: recipe for target 'manifypods' failed
make: *** [manifypods] Error 22
  ABH/Mozilla-CA-20160104.tar.gz
  /usr/bin/make -- NOT OK
Found Time::HiRes.
Found LWP.
